# JRE version: Java(TM) SE Runtime Environment (8.0_201-b09) (build 1.8.0_201-b09)
# Java VM: Java HotSpot(TM) 64-Bit Server VM (25.201-b09 mixed mode bsd-amd64 compressed oops)
Heap:
 PSYoungGen      total 190976K, used 127074K [0x0000000795580000, 0x00000007a5b80000, 0x00000007c0000000)
  eden space 178176K, 64% used [0x0000000795580000,0x000000079c51b6b0,0x00000007a0380000)
  from space 12800K, 99% used [0x00000007a0380000,0x00000007a0ffd418,0x00000007a1000000)
  to   space 15360K, 0% used [0x00000007a4c80000,0x00000007a4c80000,0x00000007a5b80000)
 ParOldGen       total 85504K, used 19872K [0x0000000740000000, 0x0000000745380000, 0x0000000795580000)
  object space 85504K, 23% used [0x0000000740000000,0x00000007413681c8,0x0000000745380000)
 Metaspace       used 47623K, capacity 49838K, committed 50048K, reserved 1093632K
  class space    used 6266K, capacity 6686K, committed 6784K, reserved 1048576K
GC Heap History (10 events):
Event: 1.835 GC heap before
{Heap before GC invocations=7 (full 1):
 PSYoungGen      total 71680K, used 66560K [0x0000000795580000, 0x000000079e780000, 0x00000007c0000000)
  eden space 66560K, 100% used [0x0000000795580000,0x0000000799680000,0x0000000799680000)
  from space 5120K, 0% used [0x0000000799680000,0x0000000799680000,0x0000000799b80000)
  to   space 8192K, 0% used [0x000000079df80000,0x000000079df80000,0x000000079e780000)
 ParOldGen       total 52736K, used 6796K [0x0000000740000000, 0x0000000743380000, 0x0000000795580000)
  object space 52736K, 12% used [0x0000000740000000,0x00000007406a32a0,0x0000000743380000)
 Metaspace       used 24090K, capacity 24802K, committed 25088K, reserved 1071104K
  class space    used 3109K, capacity 3289K, committed 3328K, reserved 1048576K
Event: 1.840 GC heap after
Heap after GC invocations=7 (full 1):
 PSYoungGen      total 116736K, used 5630K [0x0000000795580000, 0x000000079e500000, 0x00000007c0000000)
  eden space 111104K, 0% used [0x0000000795580000,0x0000000795580000,0x000000079c200000)
  from space 5632K, 99% used [0x000000079df80000,0x000000079e4ff970,0x000000079e500000)
  to   space 7680K, 0% used [0x000000079d600000,0x000000079d600000,0x000000079dd80000)
 ParOldGen       total 52736K, used 6868K [0x0000000740000000, 0x0000000743380000, 0x0000000795580000)
  object space 52736K, 13% used [0x0000000740000000,0x00000007406b52b0,0x0000000743380000)
 Metaspace       used 24090K, capacity 24802K, committed 25088K, reserved 1071104K
  class space    used 3109K, capacity 3289K, committed 3328K, reserved 1048576K
}
Event: 2.403 GC heap before
{Heap before GC invocations=8 (full 1):
 PSYoungGen      total 116736K, used 116734K [0x0000000795580000, 0x000000079e500000, 0x00000007c0000000)
  eden space 111104K, 100% used [0x0000000795580000,0x000000079c200000,0x000000079c200000)
  from space 5632K, 99% used [0x000000079df80000,0x000000079e4ff970,0x000000079e500000)
  to   space 7680K, 0% used [0x000000079d600000,0x000000079d600000,0x000000079dd80000)
 ParOldGen       total 52736K, used 6868K [0x0000000740000000, 0x0000000743380000, 0x0000000795580000)
  object space 52736K, 13% used [0x0000000740000000,0x00000007406b52b0,0x0000000743380000)
 Metaspace       used 28329K, capacity 29294K, committed 29312K, reserved 1075200K
  class space    used 3733K, capacity 3961K, committed 3968K, reserved 1048576K
Event: 2.412 GC heap after
Heap after GC invocations=8 (full 1):
 PSYoungGen      total 139264K, used 7671K [0x0000000795580000, 0x00000007a1980000, 0x00000007c0000000)
  eden space 131584K, 0% used [0x0000000795580000,0x0000000795580000,0x000000079d600000)
  from space 7680K, 99% used [0x000000079d600000,0x000000079dd7dd88,0x000000079dd80000)
  to   space 9728K, 0% used [0x00000007a1000000,0x00000007a1000000,0x00000007a1980000)
 ParOldGen       total 52736K, used 9588K [0x0000000740000000, 0x0000000743380000, 0x0000000795580000)
  object space 52736K, 18% used [0x0000000740000000,0x000000074095d388,0x0000000743380000)
 Metaspace       used 28329K, capacity 29294K, committed 29312K, reserved 1075200K
  class space    used 3733K, capacity 3961K, committed 3968K, reserved 1048576K
}
Event: 6.662 GC heap before
{Heap before GC invocations=9 (full 1):
 PSYoungGen      total 139264K, used 122070K [0x0000000795580000, 0x00000007a1980000, 0x00000007c0000000)
  eden space 131584K, 86% used [0x0000000795580000,0x000000079c537e00,0x000000079d600000)
  from space 7680K, 99% used [0x000000079d600000,0x000000079dd7dd88,0x000000079dd80000)
  to   space 9728K, 0% used [0x00000007a1000000,0x00000007a1000000,0x00000007a1980000)
 ParOldGen       total 52736K, used 9588K [0x0000000740000000, 0x0000000743380000, 0x0000000795580000)
  object space 52736K, 18% used [0x0000000740000000,0x000000074095d388,0x0000000743380000)
 Metaspace       used 33771K, capacity 35338K, committed 35416K, reserved 1079296K
  class space    used 4490K, capacity 4821K, committed 4864K, reserved 1048576K
Event: 6.688 GC heap after
Heap after GC invocations=9 (full 1):
 PSYoungGen      total 187904K, used 9716K [0x0000000795580000, 0x00000007a3900000, 0x00000007c0000000)
  eden space 178176K, 0% used [0x0000000795580000,0x0000000795580000,0x00000007a0380000)
  from space 9728K, 99% used [0x00000007a1000000,0x00000007a197d050,0x00000007a1980000)
  to   space 12800K, 0% used [0x00000007a0380000,0x00000007a0380000,0x00000007a1000000)
 ParOldGen       total 52736K, used 13924K [0x0000000740000000, 0x0000000743380000, 0x0000000795580000)
  object space 52736K, 26% used [0x0000000740000000,0x0000000740d993b0,0x0000000743380000)
 Metaspace       used 33771K, capacity 35338K, committed 35416K, reserved 1079296K
  class space    used 4490K, capacity 4821K, committed 4864K, reserved 1048576K
}
Event: 6.688 GC heap before
{Heap before GC invocations=10 (full 2):
 PSYoungGen      total 187904K, used 9716K [0x0000000795580000, 0x00000007a3900000, 0x00000007c0000000)
  eden space 178176K, 0% used [0x0000000795580000,0x0000000795580000,0x00000007a0380000)
  from space 9728K, 99% used [0x00000007a1000000,0x00000007a197d050,0x00000007a1980000)
  to   space 12800K, 0% used [0x00000007a0380000,0x00000007a0380000,0x00000007a1000000)
 ParOldGen       total 52736K, used 13924K [0x0000000740000000, 0x0000000743380000, 0x0000000795580000)
  object space 52736K, 26% used [0x0000000740000000,0x0000000740d993b0,0x0000000743380000)
 Metaspace       used 33771K, capacity 35338K, committed 35416K, reserved 1079296K
  class space    used 4490K, capacity 4821K, committed 4864K, reserved 1048576K
Event: 6.780 GC heap after
Heap after GC invocations=10 (full 2):
 PSYoungGen      total 187904K, used 0K [0x0000000795580000, 0x00000007a3900000, 0x00000007c0000000)
  eden space 178176K, 0% used [0x0000000795580000,0x0000000795580000,0x00000007a0380000)
  from space 9728K, 0% used [0x00000007a1000000,0x00000007a1000000,0x00000007a1980000)
  to   space 12800K, 0% used [0x00000007a0380000,0x00000007a0380000,0x00000007a1000000)
 ParOldGen       total 85504K, used 18539K [0x0000000740000000, 0x0000000745380000, 0x0000000795580000)
  object space 85504K, 21% used [0x0000000740000000,0x000000074121add8,0x0000000745380000)
 Metaspace       used 33771K, capacity 35338K, committed 35416K, reserved 1079296K
  class space    used 4490K, capacity 4821K, committed 4864K, reserved 1048576K
}
Event: 8.086 GC heap before
{Heap before GC invocations=11 (full 2):
 PSYoungGen      total 187904K, used 178151K [0x0000000795580000, 0x00000007a3900000, 0x00000007c0000000)
  eden space 178176K, 99% used [0x0000000795580000,0x00000007a0379c78,0x00000007a0380000)
  from space 9728K, 0% used [0x00000007a1000000,0x00000007a1000000,0x00000007a1980000)
  to   space 12800K, 0% used [0x00000007a0380000,0x00000007a0380000,0x00000007a1000000)
 ParOldGen       total 85504K, used 18539K [0x0000000740000000, 0x0000000745380000, 0x0000000795580000)
  object space 85504K, 21% used [0x0000000740000000,0x000000074121add8,0x0000000745380000)
 Metaspace       used 41822K, capacity 43946K, committed 44160K, reserved 1087488K
  class space    used 5523K, capacity 5950K, committed 6016K, reserved 1048576K
Event: 8.108 GC heap after
Heap after GC invocations=11 (full 2):
 PSYoungGen      total 190976K, used 12789K [0x0000000795580000, 0x00000007a5b80000, 0x00000007c0000000)
  eden space 178176K, 0% used [0x0000000795580000,0x0000000795580000,0x00000007a0380000)
  from space 12800K, 99% used [0x00000007a0380000,0x00000007a0ffd418,0x00000007a1000000)
  to   space 15360K, 0% used [0x00000007a4c80000,0x00000007a4c80000,0x00000007a5b80000)
 ParOldGen       total 85504K, used 19872K [0x0000000740000000, 0x0000000745380000, 0x0000000795580000)
  object space 85504K, 23% used [0x0000000740000000,0x00000007413681c8,0x0000000745380000)
 Metaspace       used 41822K, capacity 43946K, committed 44160K, reserved 1087488K
  class space    used 5523K, capacity 5950K, committed 6016K, reserved 1048576K
}

